build/app/intermediates/manifest_merge_blame_file/release/manifest-merger-blame-release-report.txt
1<?xml version="1.0" encoding="utf-8"?>
2<manifest xmlns:android="http://schemas.android.com/apk/res/android"
3    package="com.pozitiveenergy"
4    android:versionCode="1"
5    android:versionName="1.0" >
6
7    <uses-sdk
8        android:minSdkVersion="21"
8-->src/main/AndroidManifest.xml
9        android:targetSdkVersion="28" />
9-->src/main/AndroidManifest.xml
10    <!--
11         io.flutter.app.FlutterApplication is an android.app.Application that
12         calls FlutterMain.startInitialization(this); in its onCreate method.
13         In most cases you can leave this as-is, but you if you want to provide
14         additional functionality it is fine to subclass or reimplement
15         FlutterApplication and put your custom class here.
16    -->
17    <uses-permission android:name="android.permission.INTERNET" />
17-->src/main/AndroidManifest.xml:8:5-66
17-->src/main/AndroidManifest.xml:8:22-64
18    <uses-permission android:name="android.permission.READ_EXTERNAL_STORAGE" />
18-->src/main/AndroidManifest.xml:9:5-79
18-->src/main/AndroidManifest.xml:9:22-77
19    <uses-permission android:name="android.permission.WRITE_EXTERNAL_STORAGE" />
19-->src/main/AndroidManifest.xml:10:5-80
19-->src/main/AndroidManifest.xml:10:22-78
20
21    <queries>
21-->[:file_picker] AndroidManifest.xml:9:5-15:15
22        <intent>
22-->[:file_picker] AndroidManifest.xml:10:9-14:18
23            <action android:name="android.intent.action.GET_CONTENT" />
23-->[:file_picker] AndroidManifest.xml:11:13-72
23-->[:file_picker] AndroidManifest.xml:11:21-69
24
25            <data android:mimeType="*/*" />
25-->[:file_picker] AndroidManifest.xml:13:13-44
25-->[:file_picker] AndroidManifest.xml:13:19-41
26        </intent>
27    </queries>
28
29    <uses-permission android:name="android.permission.ACCESS_NETWORK_STATE" />
29-->[:connectivity] AndroidManifest.xml:7:5-79
29-->[:connectivity] AndroidManifest.xml:7:22-76
30    <uses-permission android:name="android.permission.ACCESS_WIFI_STATE" />
30-->[:connectivity] AndroidManifest.xml:8:5-76
30-->[:connectivity] AndroidManifest.xml:8:22-73
31    <uses-permission android:name="android.permission.WAKE_LOCK" />
31-->[androidx.work:work-runtime:2.4.0] AndroidManifest.xml:25:5-68
31-->[androidx.work:work-runtime:2.4.0] AndroidManifest.xml:25:22-65
32    <uses-permission android:name="android.permission.RECEIVE_BOOT_COMPLETED" />
32-->[androidx.work:work-runtime:2.4.0] AndroidManifest.xml:27:5-81
32-->[androidx.work:work-runtime:2.4.0] AndroidManifest.xml:27:22-78
33    <uses-permission android:name="android.permission.FOREGROUND_SERVICE" />
33-->[androidx.work:work-runtime:2.4.0] AndroidManifest.xml:28:5-77
33-->[androidx.work:work-runtime:2.4.0] AndroidManifest.xml:28:22-74
34
35    <application
35-->src/main/AndroidManifest.xml:11:5-64:19
36        android:name="io.flutter.app.FlutterApplication"
36-->src/main/AndroidManifest.xml:12:9-57
37        android:allowBackup="false"
37-->src/main/AndroidManifest.xml:16:9-36
38        android:appComponentFactory="androidx.core.app.CoreComponentFactory"
38-->[androidx.core:core:1.5.0-beta01] AndroidManifest.xml:24:18-86
39        android:icon="@mipmap/ic_launcher"
39-->src/main/AndroidManifest.xml:14:9-43
40        android:label="Pozitive Energy"
40-->src/main/AndroidManifest.xml:13:9-40
41        android:usesCleartextTraffic="true" >
41-->src/main/AndroidManifest.xml:15:9-44
42        <activity
42-->src/main/AndroidManifest.xml:17:9-45:20
43            android:name="com.pozitiveenergy.MainActivity"
43-->src/main/AndroidManifest.xml:18:13-41
44            android:configChanges="orientation|keyboardHidden|keyboard|screenSize|smallestScreenSize|locale|layoutDirection|fontScale|screenLayout|density|uiMode"
44-->src/main/AndroidManifest.xml:21:13-163
45            android:hardwareAccelerated="true"
45-->src/main/AndroidManifest.xml:22:13-47
46            android:launchMode="singleTop"
46-->src/main/AndroidManifest.xml:19:13-43
47            android:theme="@style/LaunchTheme"
47-->src/main/AndroidManifest.xml:20:13-47
48            android:windowSoftInputMode="adjustResize" >
48-->src/main/AndroidManifest.xml:23:13-55
49
50            <!--
51                 Specifies an Android theme to apply to this Activity as soon as
52                 the Android process has started. This theme is visible to the user
53                 while the Flutter UI initializes. After that, this theme continues
54                 to determine the Window background behind the Flutter UI.
55            -->
56            <meta-data
56-->src/main/AndroidManifest.xml:28:13-31:17
57                android:name="io.flutter.embedding.android.NormalTheme"
57-->src/main/AndroidManifest.xml:29:15-70
58                android:resource="@style/NormalTheme" />
58-->src/main/AndroidManifest.xml:30:15-52
59            <!--
60                 Displays an Android View that continues showing the launch screen
61                 Drawable until Flutter paints its first frame, then this splash
62                 screen fades out. A splash screen is useful to avoid any visual
63                 gap between the end of Android's launch screen and the painting of
64                 Flutter's first frame.
65            -->
66            <meta-data
66-->src/main/AndroidManifest.xml:37:13-40:17
67                android:name="io.flutter.embedding.android.SplashScreenDrawable"
67-->src/main/AndroidManifest.xml:38:15-79
68                android:resource="@drawable/launch_background" />
68-->src/main/AndroidManifest.xml:39:15-61
69
70            <intent-filter>
70-->src/main/AndroidManifest.xml:41:13-44:29
71                <action android:name="android.intent.action.MAIN" />
71-->src/main/AndroidManifest.xml:42:17-68
71-->src/main/AndroidManifest.xml:42:25-66
72
73                <category android:name="android.intent.category.LAUNCHER" />
73-->src/main/AndroidManifest.xml:43:17-76
73-->src/main/AndroidManifest.xml:43:27-74
74            </intent-filter>
75        </activity>
76        <!--
77             Don't delete the meta-data below.
78             This is used by the Flutter tool to generate GeneratedPluginRegistrant.java
79        -->
80        <meta-data
80-->src/main/AndroidManifest.xml:48:9-50:33
81            android:name="flutterEmbedding"
81-->src/main/AndroidManifest.xml:49:13-44
82            android:value="2" />
82-->src/main/AndroidManifest.xml:50:13-30
83
84        <provider
85            android:name="vn.hunghd.flutterdownloader.DownloadedFileProvider"
85-->src/main/AndroidManifest.xml:52:13-78
86            android:authorities="com.pozitiveenergy.flutter_downloader.provider"
86-->src/main/AndroidManifest.xml:53:13-79
87            android:exported="false"
87-->src/main/AndroidManifest.xml:54:13-37
88            android:grantUriPermissions="true" >
88-->src/main/AndroidManifest.xml:55:13-47
89            <meta-data
89-->src/main/AndroidManifest.xml:56:13-58:57
90                android:name="android.support.FILE_PROVIDER_PATHS"
90-->src/main/AndroidManifest.xml:57:17-67
91                android:resource="@xml/provider_paths" />
91-->src/main/AndroidManifest.xml:58:17-55
92        </provider>
93
94        <meta-data
94-->src/main/AndroidManifest.xml:61:9-63:54
95            android:name="vn.hunghd.flutterdownloader.NOTIFICATION_ICON"
95-->src/main/AndroidManifest.xml:62:13-73
96            android:resource="@mipmap/ic_launcher" />
96-->src/main/AndroidManifest.xml:63:13-51
97
98        <activity
98-->[:url_launcher] AndroidManifest.xml:8:9-11:74
99            android:name="io.flutter.plugins.urllauncher.WebViewActivity"
99-->[:url_launcher] AndroidManifest.xml:9:13-74
100            android:exported="false"
100-->[:url_launcher] AndroidManifest.xml:10:13-37
101            android:theme="@android:style/Theme.NoTitleBar.Fullscreen" />
101-->[:url_launcher] AndroidManifest.xml:11:13-71
102
103        <provider
103-->[androidx.work:work-runtime:2.4.0] AndroidManifest.xml:31:9-37:35
104            android:name="androidx.work.impl.WorkManagerInitializer"
104-->[androidx.work:work-runtime:2.4.0] AndroidManifest.xml:32:13-69
105            android:authorities="com.pozitiveenergy.workmanager-init"
105-->[androidx.work:work-runtime:2.4.0] AndroidManifest.xml:33:13-68
106            android:directBootAware="false"
106-->[androidx.work:work-runtime:2.4.0] AndroidManifest.xml:34:13-44
107            android:exported="false"
107-->[androidx.work:work-runtime:2.4.0] AndroidManifest.xml:35:13-37
108            android:multiprocess="true" />
108-->[androidx.work:work-runtime:2.4.0] AndroidManifest.xml:36:13-40
109
110        <service
110-->[androidx.work:work-runtime:2.4.0] AndroidManifest.xml:39:9-44:35
111            android:name="androidx.work.impl.background.systemalarm.SystemAlarmService"
111-->[androidx.work:work-runtime:2.4.0] AndroidManifest.xml:40:13-88
112            android:directBootAware="false"
112-->[androidx.work:work-runtime:2.4.0] AndroidManifest.xml:41:13-44
113            android:enabled="@bool/enable_system_alarm_service_default"
113-->[androidx.work:work-runtime:2.4.0] AndroidManifest.xml:42:13-72
114            android:exported="false" />
114-->[androidx.work:work-runtime:2.4.0] AndroidManifest.xml:43:13-37
115        <service
115-->[androidx.work:work-runtime:2.4.0] AndroidManifest.xml:45:9-51:35
116            android:name="androidx.work.impl.background.systemjob.SystemJobService"
116-->[androidx.work:work-runtime:2.4.0] AndroidManifest.xml:46:13-84
117            android:directBootAware="false"
117-->[androidx.work:work-runtime:2.4.0] AndroidManifest.xml:47:13-44
118            android:enabled="@bool/enable_system_job_service_default"
118-->[androidx.work:work-runtime:2.4.0] AndroidManifest.xml:48:13-70
119            android:exported="true"
119-->[androidx.work:work-runtime:2.4.0] AndroidManifest.xml:49:13-36
120            android:permission="android.permission.BIND_JOB_SERVICE" />
120-->[androidx.work:work-runtime:2.4.0] AndroidManifest.xml:50:13-69
121        <service
121-->[androidx.work:work-runtime:2.4.0] AndroidManifest.xml:52:9-57:35
122            android:name="androidx.work.impl.foreground.SystemForegroundService"
122-->[androidx.work:work-runtime:2.4.0] AndroidManifest.xml:53:13-81
123            android:directBootAware="false"
123-->[androidx.work:work-runtime:2.4.0] AndroidManifest.xml:54:13-44
124            android:enabled="@bool/enable_system_foreground_service_default"
124-->[androidx.work:work-runtime:2.4.0] AndroidManifest.xml:55:13-77
125            android:exported="false" />
125-->[androidx.work:work-runtime:2.4.0] AndroidManifest.xml:56:13-37
126
127        <receiver
127-->[androidx.work:work-runtime:2.4.0] AndroidManifest.xml:59:9-64:35
128            android:name="androidx.work.impl.utils.ForceStopRunnable$BroadcastReceiver"
128-->[androidx.work:work-runtime:2.4.0] AndroidManifest.xml:60:13-88
129            android:directBootAware="false"
129-->[androidx.work:work-runtime:2.4.0] AndroidManifest.xml:61:13-44
130            android:enabled="true"
130-->[androidx.work:work-runtime:2.4.0] AndroidManifest.xml:62:13-35
131            android:exported="false" />
131-->[androidx.work:work-runtime:2.4.0] AndroidManifest.xml:63:13-37
132        <receiver
132-->[androidx.work:work-runtime:2.4.0] AndroidManifest.xml:65:9-75:20
133            android:name="androidx.work.impl.background.systemalarm.ConstraintProxy$BatteryChargingProxy"
133-->[androidx.work:work-runtime:2.4.0] AndroidManifest.xml:66:13-106
134            android:directBootAware="false"
134-->[androidx.work:work-runtime:2.4.0] AndroidManifest.xml:67:13-44
135            android:enabled="false"
135-->[androidx.work:work-runtime:2.4.0] AndroidManifest.xml:68:13-36
136            android:exported="false" >
136-->[androidx.work:work-runtime:2.4.0] AndroidManifest.xml:69:13-37
137            <intent-filter>
137-->[androidx.work:work-runtime:2.4.0] AndroidManifest.xml:71:13-74:29
138                <action android:name="android.intent.action.ACTION_POWER_CONNECTED" />
138-->[androidx.work:work-runtime:2.4.0] AndroidManifest.xml:72:17-87
138-->[androidx.work:work-runtime:2.4.0] AndroidManifest.xml:72:25-84
139                <action android:name="android.intent.action.ACTION_POWER_DISCONNECTED" />
139-->[androidx.work:work-runtime:2.4.0] AndroidManifest.xml:73:17-90
139-->[androidx.work:work-runtime:2.4.0] AndroidManifest.xml:73:25-87
140            </intent-filter>
141        </receiver>
142        <receiver
142-->[androidx.work:work-runtime:2.4.0] AndroidManifest.xml:76:9-86:20
143            android:name="androidx.work.impl.background.systemalarm.ConstraintProxy$BatteryNotLowProxy"
143-->[androidx.work:work-runtime:2.4.0] AndroidManifest.xml:77:13-104
144            android:directBootAware="false"
144-->[androidx.work:work-runtime:2.4.0] AndroidManifest.xml:78:13-44
145            android:enabled="false"
145-->[androidx.work:work-runtime:2.4.0] AndroidManifest.xml:79:13-36
146            android:exported="false" >
146-->[androidx.work:work-runtime:2.4.0] AndroidManifest.xml:80:13-37
147            <intent-filter>
147-->[androidx.work:work-runtime:2.4.0] AndroidManifest.xml:82:13-85:29
148                <action android:name="android.intent.action.BATTERY_OKAY" />
148-->[androidx.work:work-runtime:2.4.0] AndroidManifest.xml:83:17-77
148-->[androidx.work:work-runtime:2.4.0] AndroidManifest.xml:83:25-74
149                <action android:name="android.intent.action.BATTERY_LOW" />
149-->[androidx.work:work-runtime:2.4.0] AndroidManifest.xml:84:17-76
149-->[androidx.work:work-runtime:2.4.0] AndroidManifest.xml:84:25-73
150            </intent-filter>
151        </receiver>
152        <receiver
152-->[androidx.work:work-runtime:2.4.0] AndroidManifest.xml:87:9-97:20
153            android:name="androidx.work.impl.background.systemalarm.ConstraintProxy$StorageNotLowProxy"
153-->[androidx.work:work-runtime:2.4.0] AndroidManifest.xml:88:13-104
154            android:directBootAware="false"
154-->[androidx.work:work-runtime:2.4.0] AndroidManifest.xml:89:13-44
155            android:enabled="false"
155-->[androidx.work:work-runtime:2.4.0] AndroidManifest.xml:90:13-36
156            android:exported="false" >
156-->[androidx.work:work-runtime:2.4.0] AndroidManifest.xml:91:13-37
157            <intent-filter>
157-->[androidx.work:work-runtime:2.4.0] AndroidManifest.xml:93:13-96:29
158                <action android:name="android.intent.action.DEVICE_STORAGE_LOW" />
158-->[androidx.work:work-runtime:2.4.0] AndroidManifest.xml:94:17-83
158-->[androidx.work:work-runtime:2.4.0] AndroidManifest.xml:94:25-80
159                <action android:name="android.intent.action.DEVICE_STORAGE_OK" />
159-->[androidx.work:work-runtime:2.4.0] AndroidManifest.xml:95:17-82
159-->[androidx.work:work-runtime:2.4.0] AndroidManifest.xml:95:25-79
160            </intent-filter>
161        </receiver>
162        <receiver
162-->[androidx.work:work-runtime:2.4.0] AndroidManifest.xml:98:9-107:20
163            android:name="androidx.work.impl.background.systemalarm.ConstraintProxy$NetworkStateProxy"
163-->[androidx.work:work-runtime:2.4.0] AndroidManifest.xml:99:13-103
164            android:directBootAware="false"
164-->[androidx.work:work-runtime:2.4.0] AndroidManifest.xml:100:13-44
165            android:enabled="false"
165-->[androidx.work:work-runtime:2.4.0] AndroidManifest.xml:101:13-36
166            android:exported="false" >
166-->[androidx.work:work-runtime:2.4.0] AndroidManifest.xml:102:13-37
167            <intent-filter>
167-->[androidx.work:work-runtime:2.4.0] AndroidManifest.xml:104:13-106:29
168                <action android:name="android.net.conn.CONNECTIVITY_CHANGE" />
168-->[androidx.work:work-runtime:2.4.0] AndroidManifest.xml:105:17-79
168-->[androidx.work:work-runtime:2.4.0] AndroidManifest.xml:105:25-76
169            </intent-filter>
170        </receiver>
171        <receiver
171-->[androidx.work:work-runtime:2.4.0] AndroidManifest.xml:108:9-119:20
172            android:name="androidx.work.impl.background.systemalarm.RescheduleReceiver"
172-->[androidx.work:work-runtime:2.4.0] AndroidManifest.xml:109:13-88
173            android:directBootAware="false"
173-->[androidx.work:work-runtime:2.4.0] AndroidManifest.xml:110:13-44
174            android:enabled="false"
174-->[androidx.work:work-runtime:2.4.0] AndroidManifest.xml:111:13-36
175            android:exported="false" >
175-->[androidx.work:work-runtime:2.4.0] AndroidManifest.xml:112:13-37
176            <intent-filter>
176-->[androidx.work:work-runtime:2.4.0] AndroidManifest.xml:114:13-118:29
177                <action android:name="android.intent.action.BOOT_COMPLETED" />
177-->[androidx.work:work-runtime:2.4.0] AndroidManifest.xml:115:17-79
177-->[androidx.work:work-runtime:2.4.0] AndroidManifest.xml:115:25-76
178                <action android:name="android.intent.action.TIME_SET" />
178-->[androidx.work:work-runtime:2.4.0] AndroidManifest.xml:116:17-73
178-->[androidx.work:work-runtime:2.4.0] AndroidManifest.xml:116:25-70
179                <action android:name="android.intent.action.TIMEZONE_CHANGED" />
179-->[androidx.work:work-runtime:2.4.0] AndroidManifest.xml:117:17-81
179-->[androidx.work:work-runtime:2.4.0] AndroidManifest.xml:117:25-78
180            </intent-filter>
181        </receiver>
182        <receiver
182-->[androidx.work:work-runtime:2.4.0] AndroidManifest.xml:120:9-129:20
183            android:name="androidx.work.impl.background.systemalarm.ConstraintProxyUpdateReceiver"
183-->[androidx.work:work-runtime:2.4.0] AndroidManifest.xml:121:13-99
184            android:directBootAware="false"
184-->[androidx.work:work-runtime:2.4.0] AndroidManifest.xml:122:13-44
185            android:enabled="@bool/enable_system_alarm_service_default"
185-->[androidx.work:work-runtime:2.4.0] AndroidManifest.xml:123:13-72
186            android:exported="false" >
186-->[androidx.work:work-runtime:2.4.0] AndroidManifest.xml:124:13-37
187            <intent-filter>
187-->[androidx.work:work-runtime:2.4.0] AndroidManifest.xml:126:13-128:29
188                <action android:name="androidx.work.impl.background.systemalarm.UpdateProxies" />
188-->[androidx.work:work-runtime:2.4.0] AndroidManifest.xml:127:17-98
188-->[androidx.work:work-runtime:2.4.0] AndroidManifest.xml:127:25-95
189            </intent-filter>
190        </receiver>
191        <receiver
191-->[androidx.work:work-runtime:2.4.0] AndroidManifest.xml:130:9-140:20
192            android:name="androidx.work.impl.diagnostics.DiagnosticsReceiver"
192-->[androidx.work:work-runtime:2.4.0] AndroidManifest.xml:131:13-78
193            android:directBootAware="false"
193-->[androidx.work:work-runtime:2.4.0] AndroidManifest.xml:132:13-44
194            android:enabled="true"
194-->[androidx.work:work-runtime:2.4.0] AndroidManifest.xml:133:13-35
195            android:exported="true"
195-->[androidx.work:work-runtime:2.4.0] AndroidManifest.xml:134:13-36
196            android:permission="android.permission.DUMP" >
196-->[androidx.work:work-runtime:2.4.0] AndroidManifest.xml:135:13-57
197            <intent-filter>
197-->[androidx.work:work-runtime:2.4.0] AndroidManifest.xml:137:13-139:29
198                <action android:name="androidx.work.diagnostics.REQUEST_DIAGNOSTICS" />
198-->[androidx.work:work-runtime:2.4.0] AndroidManifest.xml:138:17-88
198-->[androidx.work:work-runtime:2.4.0] AndroidManifest.xml:138:25-85
199            </intent-filter>
200        </receiver>
201
202        <service
202-->[androidx.room:room-runtime:2.2.5] AndroidManifest.xml:25:9-28:40
203            android:name="androidx.room.MultiInstanceInvalidationService"
203-->[androidx.room:room-runtime:2.2.5] AndroidManifest.xml:26:13-74
204            android:directBootAware="true"
204-->[androidx.room:room-runtime:2.2.5] AndroidManifest.xml:27:13-43
205            android:exported="false" />
205-->[androidx.room:room-runtime:2.2.5] AndroidManifest.xml:28:13-37
206    </application>
207
208</manifest>